0 verbose cli D:\node.exe D:\node_modules\npm\bin\npm-cli.js
1 info using npm@11.6.1
2 info using node@v24.11.0
3 silly config load:file:D:\node_modules\npm\npmrc
4 silly config load:file:D:\.npmrc
5 silly config load:file:C:\Users\胡不归\.npmrc
6 silly config load:file:D:\code\ZHQ_frontend\node_global\etc\npmrc
7 verbose title npm i @dcloudio/uni-ui
8 verbose argv "i" "@dcloudio/uni-ui"
9 verbose logfile logs-max:10 dir:D:\code\ZHQ_frontend\node_cache\_logs\2026-01-01T03_02_07_864Z-
10 verbose logfile D:\code\ZHQ_frontend\node_cache\_logs\2026-01-01T03_02_07_864Z-debug-0.log
11 silly logfile done cleaning log files
12 silly packumentCache heap:4496293888 maxSize:1124073472 maxEntrySize:562036736
13 verbose stack Error: EPERM: operation not permitted, mkdir 'D:\'
13 verbose stack     at async mkdir (node:internal/fs/promises:861:10)
13 verbose stack     at async Arborist.reify (D:\node_modules\npm\node_modules\@npmcli\arborist\lib\arborist\reify.js:112:7)
13 verbose stack     at async Install.exec (D:\node_modules\npm\lib\commands\install.js:150:5)
13 verbose stack     at async Npm.exec (D:\node_modules\npm\lib\npm.js:208:9)
13 verbose stack     at async module.exports (D:\node_modules\npm\lib\cli\entry.js:67:5)
14 error code EPERM
15 error syscall mkdir
16 error path D:\
17 error errno -4048
18 error Error: EPERM: operation not permitted, mkdir 'D:\'
18 error     at async mkdir (node:internal/fs/promises:861:10)
18 error     at async Arborist.reify (D:\node_modules\npm\node_modules\@npmcli\arborist\lib\arborist\reify.js:112:7)
18 error     at async Install.exec (D:\node_modules\npm\lib\commands\install.js:150:5)
18 error     at async Npm.exec (D:\node_modules\npm\lib\npm.js:208:9)
18 error     at async module.exports (D:\node_modules\npm\lib\cli\entry.js:67:5) {
18 error   errno: -4048,
18 error   code: 'EPERM',
18 error   syscall: 'mkdir',
18 error   path: 'D:\\'
18 error }
19 error
19 error The operation was rejected by your operating system.
19 error It's possible that the file was already in use (by a text editor or antivirus),
19 error or that you lack permissions to access it.
19 error
19 error If you believe this might be a permissions issue, please double-check the
19 error permissions of the file and its containing directories, or try running
19 error the command again as root/Administrator.
20 silly unfinished npm timer reify 1767236528396
21 verbose cwd D:\code\ZHQ_frontend
22 verbose os Windows_NT 10.0.22631
23 verbose node v24.11.0
24 verbose npm  v11.6.1
25 verbose exit -4048
26 verbose code -4048
27 error A complete log of this run can be found in: D:\code\ZHQ_frontend\node_cache\_logs\2026-01-01T03_02_07_864Z-debug-0.log
